
Boleto no. 136819 NO fue importado! Producto: PAAG.
Boleto no. 136821 NO fue importado! Producto: 2018.
Boleto no. 136822 NO fue importado! Producto: 2018.
Boleto no. 136819 NO fue importado! Producto: PAAG.
Boleto no. 136821 NO fue importado! Producto: 2018.
Boleto no. 136822 NO fue importado! Producto: 2018.
Boleto no. 136819 NO fue importado! Producto: PAAG.
Boleto no. 136821 NO fue importado! Producto: 2018.
Boleto no. 136822 NO fue importado! Producto: 2018.
Boleto no. 136819 NO fue importado! Producto: PAAG.
Boleto no. 136821 NO fue importado! Producto: 2018.
Boleto no. 136822 NO fue importado! Producto: 2018.
Boleto no. 136819 NO fue importado! Producto: PAAG.
Boleto no. 136821 NO fue importado! Producto: 2018.
Boleto no. 136822 NO fue importado! Producto: 2018.
Boleto no. 136824 importado!
Boleto no. 136825 importado!
Boleto no. 136826 importado!
Boleto no. 136827 NO fue importado! Producto: 2018.
Boleto no. 136828 NO fue importado! Producto: PAAG.
Boleto no. 136830 NO fue importado! Producto: 2018.
Boleto no. 136831 NO fue importado! Producto: 2018.
Boleto no. 136832 importado!
Boleto no. 136833 importado!
Boleto no. 136834 NO fue importado! Producto: 2018.
Boleto no. 136835 NO fue importado! Producto: PAAG.
Boleto no. 136836 importado!
Boleto no. 136837 importado!
Boleto no. 136838 importado!
Boleto no. 136839 importado!
Boleto no. 136840 importado!
Boleto no. 136841 importado!
Boleto no. 136842 importado!
Boleto no. 136843 importado!
Boleto no. 136844 NO fue importado! Producto: PAAG.
Boleto no. 136845 importado!
Boleto no. 136846 importado!
Boleto no. 136847 importado!
Boleto no. 136848 importado!
Boleto no. 136849 NO fue importado! Producto: PAAG.
Boleto no. 136851 NO fue importado! Producto: 2018.
Boleto no. 136853 importado!
Boleto no. 136854 importado!
Boleto no. 136855 importado!
Boleto no. 136856 importado!
Boleto no. 136858 NO fue importado! Producto: PAAG.
Boleto no. 136859 NO fue importado! Producto: 2018.
Boleto no. 136861 importado!
Boleto no. 136862 NO fue importado! Producto: PAAG.
Boleto no. 136863 importado!
Boleto no. 136864 importado!
Boleto no. 136865 importado!
Boleto no. 136866 importado!
Boleto no. 136867 importado!
Boleto no. 136868 importado!
Boleto no. 136869 importado!
Boleto no. 136870 importado!
Boleto no. 136871 importado!
Boleto no. 136872 importado!
Boleto no. 136873 NO fue importado! Producto: PAAG.
Boleto no. 136874 importado!
Boleto no. 136875 importado!
Boleto no. 136876 NO fue importado! Producto: PAAG.
Boleto no. 136877 importado!
Boleto no. 136878 importado!
Boleto no. 136880 NO fue importado! Producto: 2018.
Boleto no. 136881 NO fue importado! Producto: HYCA.
Boleto no. 136882 NO fue importado! Producto: 2018.
Boleto no. 136883 importado!
Boleto no. 136884 importado!
Boleto no. 136885 NO fue importado! Producto: PAAG.
Boleto no. 136886 NO fue importado! Producto: 2018.
Boleto no. 136887 importado!
Boleto no. 136888 NO fue importado! Producto: 2018.
Boleto no. 136889 importado!
Boleto no. 136890 NO fue importado! Producto: PAAG.
Boleto no. 136891 NO fue importado! Producto: BAGA.
Boleto no. 136892 importado!
Boleto no. 136893 importado!
Boleto no. 136894 importado!
Boleto no. 136895 importado!
Boleto no. 136896 importado!
Boleto no. 136897 importado!
Boleto no. 136898 NO fue importado! Producto: HYCA.
Boleto no. 136899 importado!
Boleto no. 136900 NO fue importado! Producto: PAAG.
Boleto no. 136901 importado!
Boleto no. 136902 importado!
Boleto no. 136903 importado!
Boleto no. 136904 importado!
Boleto no. 136905 NO fue importado! Producto: PAAG.
Boleto no. 136906 importado!
Boleto no. 136907 importado!
Boleto no. 136908 importado!
Boleto no. 136911 NO fue importado! Producto: 2018.
Boleto no. 136912 NO fue importado! Producto: HYCA.
Boleto no. 136913 NO fue importado! Producto: 2018.
Boleto no. 136914 NO fue importado! Producto: 2018.
Boleto no. 136915 NO fue importado! Producto: 2018.
Boleto no. 136916 importado!
Boleto no. 136917 importado!
Boleto no. 136918 importado!
Boleto no. 136919 NO fue importado! Producto: HYCA.
Boleto no. 136920 importado!
Boleto no. 136921 NO fue importado! Producto: 2018.
Boleto no. 136921 NO fue importado! Producto: 2018.
Boleto no. 136921 NO fue importado! Producto: 2018.
Boleto no. 136921 NO fue importado! Producto: 2018.
Boleto no. 136922 NO fue importado! Producto: BAGA.
Boleto no. 136923 NO fue importado! Producto: 2018.
Boleto no. 136921 NO fue importado! Producto: 2018.
Boleto no. 136922 NO fue importado! Producto: BAGA.
Boleto no. 136923 NO fue importado! Producto: 2018.
Boleto no. 136873 NO fue importado! Producto: PAAG.
Boleto no. 136876 NO fue importado! Producto: PAAG.
Boleto no. 136880 NO fue importado! Producto: 2018.
Boleto no. 136881 NO fue importado! Producto: HYCA.
Boleto no. 136882 NO fue importado! Producto: 2018.
Boleto no. 136885 NO fue importado! Producto: PAAG.
Boleto no. 136886 NO fue importado! Producto: 2018.
Boleto no. 136888 NO fue importado! Producto: 2018.
Boleto no. 136890 NO fue importado! Producto: PAAG.
Boleto no. 136891 NO fue importado! Producto: BAGA.
Boleto no. 136898 NO fue importado! Producto: HYCA.
Boleto no. 136900 NO fue importado! Producto: PAAG.
Boleto no. 136905 NO fue importado! Producto: PAAG.
Boleto no. 136911 NO fue importado! Producto: 2018.
Boleto no. 136912 NO fue importado! Producto: HYCA.
Boleto no. 136913 NO fue importado! Producto: 2018.
Boleto no. 136914 NO fue importado! Producto: 2018.
Boleto no. 136915 NO fue importado! Producto: 2018.
Boleto no. 136919 NO fue importado! Producto: HYCA.
Boleto no. 136921 NO fue importado! Producto: 2018.
Boleto no. 136922 NO fue importado! Producto: BAGA.
Boleto no. 136923 NO fue importado! Producto: 2018.
Boleto no. 136870 importado!
Boleto no. 136871 importado!
Boleto no. 136872 importado!
Boleto no. 136874 importado!
Boleto no. 136875 importado!
Boleto no. 136877 importado!
Boleto no. 136878 importado!
Boleto no. 136883 importado!
Boleto no. 136884 importado!
Boleto no. 136887 importado!
Boleto no. 136889 importado!
Boleto no. 136892 importado!
Boleto no. 136893 importado!
Boleto no. 136894 importado!
Boleto no. 136895 importado!
Boleto no. 136896 importado!
Boleto no. 136897 importado!
Boleto no. 136899 importado!
Boleto no. 136901 importado!
Boleto no. 136902 importado!
Boleto no. 136903 importado!
Boleto no. 136904 importado!
Boleto no. 136906 importado!
Boleto no. 136907 importado!
Boleto no. 136908 importado!
Boleto no. 136916 importado!
Boleto no. 136917 importado!
Boleto no. 136918 importado!
Boleto no. 136920 importado!